DEBUG   |160830 02:25:32|Fetching filter data from database
DEBUG   |160830 02:25:32|Loading filters
DEBUG   |160830 02:25:32|-- Loading filter Multidb
DEBUG   |160830 02:25:32|-- Loading filter Regexskipdirs
DEBUG   |160830 02:25:32|-- Loading filter Extradirs
DEBUG   |160830 02:25:32|-- Loading filter Regexfiles
DEBUG   |160830 02:25:32|-- Loading filter Regexdirectories
DEBUG   |160830 02:25:32|-- Loading filter Skipdirs
DEBUG   |160830 02:25:32|-- Loading filter Tabledata
DEBUG   |160830 02:25:32|-- Loading filter Regexskipfiles
DEBUG   |160830 02:25:32|-- Loading filter Files
DEBUG   |160830 02:25:32|-- Loading filter Skipfiles
DEBUG   |160830 02:25:32|-- Loading filter Regextables
DEBUG   |160830 02:25:32|-- Loading filter Directories
DEBUG   |160830 02:25:32|-- Loading filter Incremental
DEBUG   |160830 02:25:32|-- Loading filter Tables
DEBUG   |160830 02:25:32|-- Loading filter Regextabledata
DEBUG   |160830 02:25:32|-- Loading filter Excludefolders
DEBUG   |160830 02:25:32|-- Loading filter Joomlaskipdirs
DEBUG   |160830 02:25:32|-- Loading filter Siteroot
DEBUG   |160830 02:25:32|-- Loading filter Excludetabledata
DEBUG   |160830 02:25:32|-- Loading filter Systemcachefiles
DEBUG   |160830 02:25:32|-- Loading filter Excludefiles
DEBUG   |160830 02:25:32|-- Loading filter Joomlaskipfiles
DEBUG   |160830 02:25:32|-- Loading filter Cvsfolders
DEBUG   |160830 02:25:32|-- Loading filter Sitedb
DEBUG   |160830 02:25:32|-- Loading filter Libraries
DEBUG   |160830 02:25:32|Loading optional filters
DEBUG   |160830 02:25:32|-- Loading optional filter Stack\StackErrorlogs
DEBUG   |160830 02:25:32|-- Loading optional filter Stack\StackHoststats
DEBUG   |160830 02:25:32|-- Loading optional filter Stack\StackMyjoomla
DEBUG   |160830 02:25:32|-- Loading optional filter Stack\StackFinder
